# JRE version: Java(TM) SE Runtime Environment (18.0+36) (build 18+36-2087)
# Java VM: Java HotSpot(TM) 64-Bit Server VM (18+36-2087, mixed mode, sharing, tiered, compressed oops, compressed class ptrs, g1 gc, windows-amd64)
GC Precious Log:
 CardTable entry size: 512
 Card Set container configuration: InlinePtr #cards 4 size 8 Array Of Cards #cards 64 size 144 Howl #buckets 8 coarsen threshold 14745 Howl Bitmap #cards 2048 size 272 coarsen threshold 1843 Card regions per heap region 1 cards per card region 16384
 CPUs: 12 total, 12 available
 Memory: 16145M
 Large Page Support: Disabled
 NUMA Support: Disabled
 Compressed Oops: Enabled (Zero based)
 Heap Region Size: 8M
 Heap Min Capacity: 2G
 Heap Initial Capacity: 2G
 Heap Max Capacity: 12G
 Pre-touch: Disabled
 Parallel Workers: 10
 Concurrent Workers: 3
 Concurrent Refinement Workers: 10
 Periodic GC: Disabled
Heap:
 garbage-first heap   total 3932160K, used 989048K [0x0000000500000000, 0x0000000800000000)
  region size 8192K, 27 young (221184K), 8 survivors (65536K)
 Metaspace       used 101601K, committed 102720K, reserved 1179648K
  class space    used 14920K, committed 15424K, reserved 1048576K
GC Heap History (20 events):
Event: 4.912 GC heap before
{Heap before GC invocations=6 (full 0):
 garbage-first heap   total 2097152K, used 261079K [0x0000000500000000, 0x0000000800000000)
  region size 8192K, 25 young (204800K), 3 survivors (24576K)
 Metaspace       used 32763K, committed 33280K, reserved 1114112K
  class space    used 4082K, committed 4352K, reserved 1048576K
}
Event: 4.936 GC heap after
{Heap after GC invocations=7 (full 0):
 garbage-first heap   total 2097152K, used 116768K [0x0000000500000000, 0x0000000800000000)
  region size 8192K, 4 young (32768K), 4 survivors (32768K)
 Metaspace       used 32763K, committed 33280K, reserved 1114112K
  class space    used 4082K, committed 4352K, reserved 1048576K
}
Event: 5.170 GC heap before
{Heap before GC invocations=7 (full 0):
 garbage-first heap   total 2097152K, used 141344K [0x0000000500000000, 0x0000000800000000)
  region size 8192K, 8 young (65536K), 4 survivors (32768K)
 Metaspace       used 35846K, committed 36416K, reserved 1114112K
  class space    used 4615K, committed 4928K, reserved 1048576K
}
Event: 5.187 GC heap after
{Heap after GC invocations=8 (full 0):
 garbage-first heap   total 2097152K, used 131540K [0x0000000500000000, 0x0000000800000000)
  region size 8192K, 2 young (16384K), 2 survivors (16384K)
 Metaspace       used 35846K, committed 36416K, reserved 1114112K
  class space    used 4615K, committed 4928K, reserved 1048576K
}
Event: 6.965 GC heap before
{Heap before GC invocations=9 (full 0):
 garbage-first heap   total 2097152K, used 303572K [0x0000000500000000, 0x0000000800000000)
  region size 8192K, 23 young (188416K), 2 survivors (16384K)
 Metaspace       used 54849K, committed 55552K, reserved 1114112K
  class space    used 7943K, committed 8256K, reserved 1048576K
}
Event: 6.981 GC heap after
{Heap after GC invocations=10 (full 0):
 garbage-first heap   total 2097152K, used 144826K [0x0000000500000000, 0x0000000800000000)
  region size 8192K, 3 young (24576K), 3 survivors (24576K)
 Metaspace       used 54849K, committed 55552K, reserved 1114112K
  class space    used 7943K, committed 8256K, reserved 1048576K
}
Event: 8.224 GC heap before
{Heap before GC invocations=10 (full 0):
 garbage-first heap   total 2097152K, used 447930K [0x0000000500000000, 0x0000000800000000)
  region size 8192K, 40 young (327680K), 3 survivors (24576K)
 Metaspace       used 57761K, committed 58496K, reserved 1114112K
  class space    used 8316K, committed 8704K, reserved 1048576K
}
Event: 8.243 GC heap after
{Heap after GC invocations=11 (full 0):
 garbage-first heap   total 2097152K, used 157444K [0x0000000500000000, 0x0000000800000000)
  region size 8192K, 4 young (32768K), 4 survivors (32768K)
 Metaspace       used 57761K, committed 58496K, reserved 1114112K
  class space    used 8316K, committed 8704K, reserved 1048576K
}
Event: 8.937 GC heap before
{Heap before GC invocations=11 (full 0):
 garbage-first heap   total 2097152K, used 354052K [0x0000000500000000, 0x0000000800000000)
  region size 8192K, 29 young (237568K), 4 survivors (32768K)
 Metaspace       used 61637K, committed 62336K, reserved 1114112K
  class space    used 8747K, committed 9088K, reserved 1048576K
}
Event: 8.953 GC heap after
{Heap after GC invocations=12 (full 0):
 garbage-first heap   total 2097152K, used 172382K [0x0000000500000000, 0x0000000800000000)
  region size 8192K, 6 young (49152K), 6 survivors (49152K)
 Metaspace       used 61637K, committed 62336K, reserved 1114112K
  class space    used 8747K, committed 9088K, reserved 1048576K
}
Event: 13.298 GC heap before
{Heap before GC invocations=13 (full 0):
 garbage-first heap   total 2097152K, used 1048926K [0x0000000500000000, 0x0000000800000000)
  region size 8192K, 113 young (925696K), 6 survivors (49152K)
 Metaspace       used 89247K, committed 90368K, reserved 1179648K
  class space    used 11779K, committed 12288K, reserved 1048576K
}
Event: 13.407 GC heap after
{Heap after GC invocations=14 (full 0):
 garbage-first heap   total 2097152K, used 358668K [0x0000000500000000, 0x0000000800000000)
  region size 8192K, 15 young (122880K), 15 survivors (122880K)
 Metaspace       used 89247K, committed 90368K, reserved 1179648K
  class space    used 11779K, committed 12288K, reserved 1048576K
}
Event: 13.720 GC heap before
{Heap before GC invocations=14 (full 0):
 garbage-first heap   total 2097152K, used 522508K [0x0000000500000000, 0x0000000800000000)
  region size 8192K, 35 young (286720K), 15 survivors (122880K)
 Metaspace       used 90388K, committed 91584K, reserved 1179648K
  class space    used 11924K, committed 12480K, reserved 1048576K
}
Event: 13.802 GC heap after
{Heap after GC invocations=15 (full 0):
 garbage-first heap   total 2097152K, used 432220K [0x0000000500000000, 0x0000000800000000)
  region size 8192K, 5 young (40960K), 5 survivors (40960K)
 Metaspace       used 90388K, committed 91584K, reserved 1179648K
  class space    used 11924K, committed 12480K, reserved 1048576K
}
Event: 14.299 GC heap before
{Heap before GC invocations=15 (full 0):
 garbage-first heap   total 2097152K, used 735324K [0x0000000500000000, 0x0000000800000000)
  region size 8192K, 42 young (344064K), 5 survivors (40960K)
 Metaspace       used 95084K, committed 96256K, reserved 1179648K
  class space    used 14317K, committed 14848K, reserved 1048576K
}
Event: 14.353 GC heap after
{Heap after GC invocations=16 (full 0):
 garbage-first heap   total 2097152K, used 554116K [0x0000000500000000, 0x0000000800000000)
  region size 8192K, 6 young (49152K), 6 survivors (49152K)
 Metaspace       used 95084K, committed 96256K, reserved 1179648K
  class space    used 14317K, committed 14848K, reserved 1048576K
}
Event: 14.970 GC heap before
{Heap before GC invocations=16 (full 0):
 garbage-first heap   total 2097152K, used 791684K [0x0000000500000000, 0x0000000800000000)
  region size 8192K, 35 young (286720K), 6 survivors (49152K)
 Metaspace       used 95576K, committed 96704K, reserved 1179648K
  class space    used 14322K, committed 14848K, reserved 1048576K
}
Event: 15.017 GC heap after
{Heap after GC invocations=17 (full 0):
 garbage-first heap   total 3932160K, used 653624K [0x0000000500000000, 0x0000000800000000)
  region size 8192K, 5 young (40960K), 5 survivors (40960K)
 Metaspace       used 95576K, committed 96704K, reserved 1179648K
  class space    used 14322K, committed 14848K, reserved 1048576K
}
Event: 60.231 GC heap before
{Heap before GC invocations=17 (full 0):
 garbage-first heap   total 3932160K, used 1071416K [0x0000000500000000, 0x0000000800000000)
  region size 8192K, 57 young (466944K), 5 survivors (40960K)
 Metaspace       used 100713K, committed 101888K, reserved 1179648K
  class space    used 14886K, committed 15424K, reserved 1048576K
}
Event: 60.312 GC heap after
{Heap after GC invocations=18 (full 0):
 garbage-first heap   total 3932160K, used 841592K [0x0000000500000000, 0x0000000800000000)
  region size 8192K, 8 young (65536K), 8 survivors (65536K)
 Metaspace       used 100713K, committed 101888K, reserved 1179648K
  class space    used 14886K, committed 15424K, reserved 1048576K
}

