# JRE version: Java(TM) SE Runtime Environment (18.0+36) (build 18+36-2087)
# Java VM: Java HotSpot(TM) 64-Bit Server VM (18+36-2087, mixed mode, sharing, tiered, compressed oops, compressed class ptrs, g1 gc, windows-amd64)
GC Precious Log:
 CardTable entry size: 512
 Card Set container configuration: InlinePtr #cards 4 size 8 Array Of Cards #cards 64 size 144 Howl #buckets 8 coarsen threshold 14745 Howl Bitmap #cards 2048 size 272 coarsen threshold 1843 Card regions per heap region 1 cards per card region 16384
 CPUs: 12 total, 12 available
 Memory: 16145M
 Large Page Support: Disabled
 NUMA Support: Disabled
 Compressed Oops: Enabled (Zero based)
 Heap Region Size: 8M
 Heap Min Capacity: 2G
 Heap Initial Capacity: 2G
 Heap Max Capacity: 12G
 Pre-touch: Disabled
 Parallel Workers: 10
 Concurrent Workers: 3
 Concurrent Refinement Workers: 10
 Periodic GC: Disabled
Heap:
 garbage-first heap   total 3399680K, used 745472K [0x0000000500000000, 0x0000000800000000)
  region size 8192K, 12 young (98304K), 3 survivors (24576K)
 Metaspace       used 100610K, committed 101696K, reserved 1179648K
  class space    used 14886K, committed 15424K, reserved 1048576K
GC Heap History (20 events):
Event: 3.751 GC heap before
{Heap before GC invocations=6 (full 0):
 garbage-first heap   total 2097152K, used 270530K [0x0000000500000000, 0x0000000800000000)
  region size 8192K, 25 young (204800K), 3 survivors (24576K)
 Metaspace       used 32737K, committed 33280K, reserved 1114112K
  class space    used 4071K, committed 4352K, reserved 1048576K
}
Event: 3.774 GC heap after
{Heap after GC invocations=7 (full 0):
 garbage-first heap   total 2097152K, used 117798K [0x0000000500000000, 0x0000000800000000)
  region size 8192K, 4 young (32768K), 4 survivors (32768K)
 Metaspace       used 32737K, committed 33280K, reserved 1114112K
  class space    used 4071K, committed 4352K, reserved 1048576K
}
Event: 3.987 GC heap before
{Heap before GC invocations=7 (full 0):
 garbage-first heap   total 2097152K, used 142374K [0x0000000500000000, 0x0000000800000000)
  region size 8192K, 8 young (65536K), 4 survivors (32768K)
 Metaspace       used 35909K, committed 36416K, reserved 1114112K
  class space    used 4611K, committed 4864K, reserved 1048576K
}
Event: 4.003 GC heap after
{Heap after GC invocations=8 (full 0):
 garbage-first heap   total 2097152K, used 131182K [0x0000000500000000, 0x0000000800000000)
  region size 8192K, 2 young (16384K), 2 survivors (16384K)
 Metaspace       used 35909K, committed 36416K, reserved 1114112K
  class space    used 4611K, committed 4864K, reserved 1048576K
}
Event: 5.634 GC heap before
{Heap before GC invocations=9 (full 0):
 garbage-first heap   total 2097152K, used 319598K [0x0000000500000000, 0x0000000800000000)
  region size 8192K, 25 young (204800K), 2 survivors (16384K)
 Metaspace       used 55258K, committed 55936K, reserved 1114112K
  class space    used 8010K, committed 8320K, reserved 1048576K
}
Event: 5.645 GC heap after
{Heap after GC invocations=10 (full 0):
 garbage-first heap   total 2097152K, used 147409K [0x0000000500000000, 0x0000000800000000)
  region size 8192K, 4 young (32768K), 4 survivors (32768K)
 Metaspace       used 55258K, committed 55936K, reserved 1114112K
  class space    used 8010K, committed 8320K, reserved 1048576K
}
Event: 6.942 GC heap before
{Heap before GC invocations=10 (full 0):
 garbage-first heap   total 2097152K, used 491473K [0x0000000500000000, 0x0000000800000000)
  region size 8192K, 46 young (376832K), 4 survivors (32768K)
 Metaspace       used 57725K, committed 58432K, reserved 1114112K
  class space    used 8304K, committed 8640K, reserved 1048576K
}
Event: 6.959 GC heap after
{Heap after GC invocations=11 (full 0):
 garbage-first heap   total 2097152K, used 160894K [0x0000000500000000, 0x0000000800000000)
  region size 8192K, 4 young (32768K), 4 survivors (32768K)
 Metaspace       used 57725K, committed 58432K, reserved 1114112K
  class space    used 8304K, committed 8640K, reserved 1048576K
}
Event: 7.389 GC heap before
{Heap before GC invocations=11 (full 0):
 garbage-first heap   total 2097152K, used 308350K [0x0000000500000000, 0x0000000800000000)
  region size 8192K, 23 young (188416K), 4 survivors (32768K)
 Metaspace       used 61289K, committed 62080K, reserved 1114112K
  class space    used 8701K, committed 9024K, reserved 1048576K
}
Event: 7.407 GC heap after
{Heap after GC invocations=12 (full 0):
 garbage-first heap   total 2097152K, used 170694K [0x0000000500000000, 0x0000000800000000)
  region size 8192K, 6 young (49152K), 6 survivors (49152K)
 Metaspace       used 61289K, committed 62080K, reserved 1114112K
  class space    used 8701K, committed 9024K, reserved 1048576K
}
Event: 11.776 GC heap before
{Heap before GC invocations=13 (full 0):
 garbage-first heap   total 2097152K, used 1284806K [0x0000000500000000, 0x0000000800000000)
  region size 8192K, 142 young (1163264K), 6 survivors (49152K)
 Metaspace       used 94046K, committed 95168K, reserved 1179648K
  class space    used 14303K, committed 14848K, reserved 1048576K
}
Event: 11.908 GC heap after
{Heap after GC invocations=14 (full 0):
 garbage-first heap   total 2097152K, used 426927K [0x0000000500000000, 0x0000000800000000)
  region size 8192K, 18 young (147456K), 18 survivors (147456K)
 Metaspace       used 94046K, committed 95168K, reserved 1179648K
  class space    used 14303K, committed 14848K, reserved 1048576K
}
Event: 12.219 GC heap before
{Heap before GC invocations=14 (full 0):
 garbage-first heap   total 2097152K, used 525231K [0x0000000500000000, 0x0000000800000000)
  region size 8192K, 30 young (245760K), 18 survivors (147456K)
 Metaspace       used 95089K, committed 96192K, reserved 1179648K
  class space    used 14315K, committed 14848K, reserved 1048576K
}
Event: 12.288 GC heap after
{Heap after GC invocations=15 (full 0):
 garbage-first heap   total 2097152K, used 455266K [0x0000000500000000, 0x0000000800000000)
  region size 8192K, 4 young (32768K), 4 survivors (32768K)
 Metaspace       used 95089K, committed 96192K, reserved 1179648K
  class space    used 14315K, committed 14848K, reserved 1048576K
}
Event: 13.088 GC heap before
{Heap before GC invocations=15 (full 0):
 garbage-first heap   total 2097152K, used 791138K [0x0000000500000000, 0x0000000800000000)
  region size 8192K, 46 young (376832K), 4 survivors (32768K)
 Metaspace       used 95831K, committed 96960K, reserved 1179648K
  class space    used 14320K, committed 14848K, reserved 1048576K
}
Event: 13.449 GC heap after
{Heap after GC invocations=16 (full 0):
 garbage-first heap   total 3399680K, used 564767K [0x0000000500000000, 0x0000000800000000)
  region size 8192K, 6 young (49152K), 6 survivors (49152K)
 Metaspace       used 95831K, committed 96960K, reserved 1179648K
  class space    used 14320K, committed 14848K, reserved 1048576K
}
Event: 13.715 GC heap before
{Heap before GC invocations=16 (full 0):
 garbage-first heap   total 3399680K, used 679455K [0x0000000500000000, 0x0000000800000000)
  region size 8192K, 20 young (163840K), 6 survivors (49152K)
 Metaspace       used 96357K, committed 97472K, reserved 1179648K
  class space    used 14322K, committed 14848K, reserved 1048576K
}
Event: 13.755 GC heap after
{Heap after GC invocations=17 (full 0):
 garbage-first heap   total 3399680K, used 637820K [0x0000000500000000, 0x0000000800000000)
  region size 8192K, 3 young (24576K), 3 survivors (24576K)
 Metaspace       used 96357K, committed 97472K, reserved 1179648K
  class space    used 14322K, committed 14848K, reserved 1048576K
}
Event: 14.184 GC heap before
{Heap before GC invocations=17 (full 0):
 garbage-first heap   total 3399680K, used 777084K [0x0000000500000000, 0x0000000800000000)
  region size 8192K, 20 young (163840K), 3 survivors (24576K)
 Metaspace       used 96521K, committed 97600K, reserved 1179648K
  class space    used 14323K, committed 14848K, reserved 1048576K
}
Event: 14.208 GC heap after
{Heap after GC invocations=18 (full 0):
 garbage-first heap   total 3399680K, used 679936K [0x0000000500000000, 0x0000000800000000)
  region size 8192K, 3 young (24576K), 3 survivors (24576K)
 Metaspace       used 96521K, committed 97600K, reserved 1179648K
  class space    used 14323K, committed 14848K, reserved 1048576K
}

