# JRE version: Java(TM) SE Runtime Environment (18.0+36) (build 18+36-2087)
# Java VM: Java HotSpot(TM) 64-Bit Server VM (18+36-2087, mixed mode, sharing, tiered, compressed oops, compressed class ptrs, g1 gc, windows-amd64)
GC Precious Log:
 CardTable entry size: 512
 Card Set container configuration: InlinePtr #cards 4 size 8 Array Of Cards #cards 64 size 144 Howl #buckets 8 coarsen threshold 14745 Howl Bitmap #cards 2048 size 272 coarsen threshold 1843 Card regions per heap region 1 cards per card region 16384
 CPUs: 12 total, 12 available
 Memory: 16145M
 Large Page Support: Disabled
 NUMA Support: Disabled
 Compressed Oops: Enabled (Zero based)
 Heap Region Size: 8M
 Heap Min Capacity: 2G
 Heap Initial Capacity: 2G
 Heap Max Capacity: 12G
 Pre-touch: Disabled
 Parallel Workers: 10
 Concurrent Workers: 3
 Concurrent Refinement Workers: 10
 Periodic GC: Disabled
Heap:
 garbage-first heap   total 2097152K, used 757724K [0x0000000500000000, 0x0000000800000000)
  region size 8192K, 7 young (57344K), 7 survivors (57344K)
 Metaspace       used 96131K, committed 97280K, reserved 1179648K
  class space    used 14318K, committed 14848K, reserved 1048576K
GC Heap History (20 events):
Event: 3.260 GC heap after
{Heap after GC invocations=5 (full 0):
 garbage-first heap   total 2097152K, used 70886K [0x0000000500000000, 0x0000000800000000)
  region size 8192K, 2 young (16384K), 2 survivors (16384K)
 Metaspace       used 27179K, committed 27648K, reserved 1114112K
  class space    used 3276K, committed 3456K, reserved 1048576K
}
Event: 3.666 GC heap before
{Heap before GC invocations=5 (full 0):
 garbage-first heap   total 2097152K, used 218342K [0x0000000500000000, 0x0000000800000000)
  region size 8192K, 20 young (163840K), 2 survivors (16384K)
 Metaspace       used 28231K, committed 28800K, reserved 1114112K
  class space    used 3435K, committed 3712K, reserved 1048576K
}
Event: 3.683 GC heap after
{Heap after GC invocations=6 (full 0):
 garbage-first heap   total 2097152K, used 89703K [0x0000000500000000, 0x0000000800000000)
  region size 8192K, 3 young (24576K), 3 survivors (24576K)
 Metaspace       used 28231K, committed 28800K, reserved 1114112K
  class space    used 3435K, committed 3712K, reserved 1048576K
}
Event: 4.312 GC heap before
{Heap before GC invocations=6 (full 0):
 garbage-first heap   total 2097152K, used 269927K [0x0000000500000000, 0x0000000800000000)
  region size 8192K, 25 young (204800K), 3 survivors (24576K)
 Metaspace       used 32799K, committed 33344K, reserved 1114112K
  class space    used 4082K, committed 4352K, reserved 1048576K
}
Event: 4.336 GC heap after
{Heap after GC invocations=7 (full 0):
 garbage-first heap   total 2097152K, used 119085K [0x0000000500000000, 0x0000000800000000)
  region size 8192K, 4 young (32768K), 4 survivors (32768K)
 Metaspace       used 32799K, committed 33344K, reserved 1114112K
  class space    used 4082K, committed 4352K, reserved 1048576K
}
Event: 4.589 GC heap before
{Heap before GC invocations=7 (full 0):
 garbage-first heap   total 2097152K, used 143661K [0x0000000500000000, 0x0000000800000000)
  region size 8192K, 8 young (65536K), 4 survivors (32768K)
 Metaspace       used 35896K, committed 36416K, reserved 1114112K
  class space    used 4612K, committed 4864K, reserved 1048576K
}
Event: 4.605 GC heap after
{Heap after GC invocations=8 (full 0):
 garbage-first heap   total 2097152K, used 132840K [0x0000000500000000, 0x0000000800000000)
  region size 8192K, 2 young (16384K), 2 survivors (16384K)
 Metaspace       used 35896K, committed 36416K, reserved 1114112K
  class space    used 4612K, committed 4864K, reserved 1048576K
}
Event: 6.516 GC heap before
{Heap before GC invocations=9 (full 0):
 garbage-first heap   total 2097152K, used 329448K [0x0000000500000000, 0x0000000800000000)
  region size 8192K, 26 young (212992K), 2 survivors (16384K)
 Metaspace       used 55304K, committed 56000K, reserved 1114112K
  class space    used 8010K, committed 8320K, reserved 1048576K
}
Event: 6.526 GC heap after
{Heap after GC invocations=10 (full 0):
 garbage-first heap   total 2097152K, used 147467K [0x0000000500000000, 0x0000000800000000)
  region size 8192K, 4 young (32768K), 4 survivors (32768K)
 Metaspace       used 55304K, committed 56000K, reserved 1114112K
  class space    used 8010K, committed 8320K, reserved 1048576K
}
Event: 7.760 GC heap before
{Heap before GC invocations=10 (full 0):
 garbage-first heap   total 2097152K, used 507915K [0x0000000500000000, 0x0000000800000000)
  region size 8192K, 48 young (393216K), 4 survivors (32768K)
 Metaspace       used 57746K, committed 58432K, reserved 1114112K
  class space    used 8303K, committed 8640K, reserved 1048576K
}
Event: 7.778 GC heap after
{Heap after GC invocations=11 (full 0):
 garbage-first heap   total 2097152K, used 161850K [0x0000000500000000, 0x0000000800000000)
  region size 8192K, 6 young (49152K), 6 survivors (49152K)
 Metaspace       used 57746K, committed 58432K, reserved 1114112K
  class space    used 8303K, committed 8640K, reserved 1048576K
}
Event: 8.170 GC heap before
{Heap before GC invocations=11 (full 0):
 garbage-first heap   total 2097152K, used 292922K [0x0000000500000000, 0x0000000800000000)
  region size 8192K, 23 young (188416K), 6 survivors (49152K)
 Metaspace       used 61140K, committed 61888K, reserved 1114112K
  class space    used 8680K, committed 9024K, reserved 1048576K
}
Event: 8.188 GC heap after
{Heap after GC invocations=12 (full 0):
 garbage-first heap   total 2097152K, used 171639K [0x0000000500000000, 0x0000000800000000)
  region size 8192K, 7 young (57344K), 7 survivors (57344K)
 Metaspace       used 61140K, committed 61888K, reserved 1114112K
  class space    used 8680K, committed 9024K, reserved 1048576K
}
Event: 11.852 GC heap before
{Heap before GC invocations=13 (full 0):
 garbage-first heap   total 2097152K, used 1031799K [0x0000000500000000, 0x0000000800000000)
  region size 8192K, 112 young (917504K), 7 survivors (57344K)
 Metaspace       used 89197K, committed 90240K, reserved 1179648K
  class space    used 11771K, committed 12288K, reserved 1048576K
}
Event: 11.940 GC heap after
{Heap after GC invocations=14 (full 0):
 garbage-first heap   total 2097152K, used 349258K [0x0000000500000000, 0x0000000800000000)
  region size 8192K, 14 young (114688K), 14 survivors (114688K)
 Metaspace       used 89197K, committed 90240K, reserved 1179648K
  class space    used 11771K, committed 12288K, reserved 1048576K
}
Event: 12.249 GC heap before
{Heap before GC invocations=14 (full 0):
 garbage-first heap   total 2097152K, used 586826K [0x0000000500000000, 0x0000000800000000)
  region size 8192K, 44 young (360448K), 14 survivors (114688K)
 Metaspace       used 90370K, committed 91456K, reserved 1179648K
  class space    used 11920K, committed 12416K, reserved 1048576K
}
Event: 12.334 GC heap after
{Heap after GC invocations=15 (full 0):
 garbage-first heap   total 2097152K, used 491507K [0x0000000500000000, 0x0000000800000000)
  region size 8192K, 6 young (49152K), 6 survivors (49152K)
 Metaspace       used 90370K, committed 91456K, reserved 1179648K
  class space    used 11920K, committed 12416K, reserved 1048576K
}
Event: 12.640 GC heap before
{Heap before GC invocations=15 (full 0):
 garbage-first heap   total 2097152K, used 745459K [0x0000000500000000, 0x0000000800000000)
  region size 8192K, 37 young (303104K), 6 survivors (49152K)
 Metaspace       used 94887K, committed 96000K, reserved 1179648K
  class space    used 14309K, committed 14848K, reserved 1048576K
}
Event: 12.677 GC heap after
{Heap after GC invocations=16 (full 0):
 garbage-first heap   total 2097152K, used 576771K [0x0000000500000000, 0x0000000800000000)
  region size 8192K, 5 young (40960K), 5 survivors (40960K)
 Metaspace       used 94887K, committed 96000K, reserved 1179648K
  class space    used 14309K, committed 14848K, reserved 1048576K
}
Event: 13.287 GC heap before
{Heap before GC invocations=16 (full 0):
 garbage-first heap   total 2097152K, used 929027K [0x0000000500000000, 0x0000000800000000)
  region size 8192K, 49 young (401408K), 5 survivors (40960K)
 Metaspace       used 96131K, committed 97280K, reserved 1179648K
  class space    used 14318K, committed 14848K, reserved 1048576K
}

