# JRE version: Java(TM) SE Runtime Environment (18.0+36) (build 18+36-2087)
# Java VM: Java HotSpot(TM) 64-Bit Server VM (18+36-2087, mixed mode, sharing, tiered, compressed oops, compressed class ptrs, g1 gc, windows-amd64)
GC Precious Log:
 CardTable entry size: 512
 Card Set container configuration: InlinePtr #cards 4 size 8 Array Of Cards #cards 64 size 144 Howl #buckets 8 coarsen threshold 14745 Howl Bitmap #cards 2048 size 272 coarsen threshold 1843 Card regions per heap region 1 cards per card region 16384
 CPUs: 12 total, 12 available
 Memory: 16145M
 Large Page Support: Disabled
 NUMA Support: Disabled
 Compressed Oops: Enabled (Zero based)
 Heap Region Size: 8M
 Heap Min Capacity: 2G
 Heap Initial Capacity: 2G
 Heap Max Capacity: 12G
 Pre-touch: Disabled
 Parallel Workers: 10
 Concurrent Workers: 3
 Concurrent Refinement Workers: 10
 Periodic GC: Disabled
Heap:
 garbage-first heap   total 2097152K, used 570261K [0x0000000500000000, 0x0000000800000000)
  region size 8192K, 7 young (57344K), 7 survivors (57344K)
 Metaspace       used 99197K, committed 100288K, reserved 1179648K
  class space    used 14779K, committed 15296K, reserved 1048576K
GC Heap History (20 events):
Event: 3.133 GC heap after
{Heap after GC invocations=3 (full 0):
 garbage-first heap   total 2097152K, used 61806K [0x0000000500000000, 0x0000000800000000)
  region size 8192K, 2 young (16384K), 2 survivors (16384K)
 Metaspace       used 21130K, committed 21504K, reserved 1114112K
  class space    used 2391K, committed 2560K, reserved 1048576K
}
Event: 3.687 GC heap before
{Heap before GC invocations=4 (full 0):
 garbage-first heap   total 2097152K, used 143726K [0x0000000500000000, 0x0000000800000000)
  region size 8192K, 12 young (98304K), 2 survivors (16384K)
 Metaspace       used 27188K, committed 27648K, reserved 1114112K
  class space    used 3284K, committed 3456K, reserved 1048576K
}
Event: 3.698 GC heap after
{Heap after GC invocations=5 (full 0):
 garbage-first heap   total 2097152K, used 70447K [0x0000000500000000, 0x0000000800000000)
  region size 8192K, 2 young (16384K), 2 survivors (16384K)
 Metaspace       used 27188K, committed 27648K, reserved 1114112K
  class space    used 3284K, committed 3456K, reserved 1048576K
}
Event: 4.144 GC heap before
{Heap before GC invocations=5 (full 0):
 garbage-first heap   total 2097152K, used 201519K [0x0000000500000000, 0x0000000800000000)
  region size 8192K, 18 young (147456K), 2 survivors (16384K)
 Metaspace       used 28246K, committed 28736K, reserved 1114112K
  class space    used 3443K, committed 3712K, reserved 1048576K
}
Event: 4.162 GC heap after
{Heap after GC invocations=6 (full 0):
 garbage-first heap   total 2097152K, used 87783K [0x0000000500000000, 0x0000000800000000)
  region size 8192K, 3 young (24576K), 3 survivors (24576K)
 Metaspace       used 28246K, committed 28736K, reserved 1114112K
  class space    used 3443K, committed 3712K, reserved 1048576K
}
Event: 4.766 GC heap before
{Heap before GC invocations=6 (full 0):
 garbage-first heap   total 2097152K, used 268007K [0x0000000500000000, 0x0000000800000000)
  region size 8192K, 25 young (204800K), 3 survivors (24576K)
 Metaspace       used 32074K, committed 32640K, reserved 1114112K
  class space    used 4010K, committed 4288K, reserved 1048576K
}
Event: 4.789 GC heap after
{Heap after GC invocations=7 (full 0):
 garbage-first heap   total 2097152K, used 108528K [0x0000000500000000, 0x0000000800000000)
  region size 8192K, 4 young (32768K), 4 survivors (32768K)
 Metaspace       used 32074K, committed 32640K, reserved 1114112K
  class space    used 4010K, committed 4288K, reserved 1048576K
}
Event: 5.217 GC heap before
{Heap before GC invocations=7 (full 0):
 garbage-first heap   total 2097152K, used 149488K [0x0000000500000000, 0x0000000800000000)
  region size 8192K, 10 young (81920K), 4 survivors (32768K)
 Metaspace       used 36248K, committed 36800K, reserved 1114112K
  class space    used 4699K, committed 4992K, reserved 1048576K
}
Event: 5.239 GC heap after
{Heap after GC invocations=8 (full 0):
 garbage-first heap   total 2097152K, used 130694K [0x0000000500000000, 0x0000000800000000)
  region size 8192K, 3 young (24576K), 3 survivors (24576K)
 Metaspace       used 36248K, committed 36800K, reserved 1114112K
  class space    used 4699K, committed 4992K, reserved 1048576K
}
Event: 7.179 GC heap before
{Heap before GC invocations=9 (full 0):
 garbage-first heap   total 2097152K, used 310918K [0x0000000500000000, 0x0000000800000000)
  region size 8192K, 25 young (204800K), 3 survivors (24576K)
 Metaspace       used 55235K, committed 55936K, reserved 1114112K
  class space    used 8024K, committed 8320K, reserved 1048576K
}
Event: 7.198 GC heap after
{Heap after GC invocations=10 (full 0):
 garbage-first heap   total 2097152K, used 147612K [0x0000000500000000, 0x0000000800000000)
  region size 8192K, 3 young (24576K), 3 survivors (24576K)
 Metaspace       used 55235K, committed 55936K, reserved 1114112K
  class space    used 8024K, committed 8320K, reserved 1048576K
}
Event: 8.653 GC heap before
{Heap before GC invocations=10 (full 0):
 garbage-first heap   total 2097152K, used 491676K [0x0000000500000000, 0x0000000800000000)
  region size 8192K, 45 young (368640K), 3 survivors (24576K)
 Metaspace       used 57789K, committed 58560K, reserved 1114112K
  class space    used 8323K, committed 8704K, reserved 1048576K
}
Event: 8.672 GC heap after
{Heap after GC invocations=11 (full 0):
 garbage-first heap   total 2097152K, used 161690K [0x0000000500000000, 0x0000000800000000)
  region size 8192K, 4 young (32768K), 4 survivors (32768K)
 Metaspace       used 57789K, committed 58560K, reserved 1114112K
  class space    used 8323K, committed 8704K, reserved 1048576K
}
Event: 9.237 GC heap before
{Heap before GC invocations=11 (full 0):
 garbage-first heap   total 2097152K, used 325530K [0x0000000500000000, 0x0000000800000000)
  region size 8192K, 25 young (204800K), 4 survivors (32768K)
 Metaspace       used 61650K, committed 62336K, reserved 1114112K
  class space    used 8754K, committed 9088K, reserved 1048576K
}
Event: 9.258 GC heap after
{Heap after GC invocations=12 (full 0):
 garbage-first heap   total 2097152K, used 172345K [0x0000000500000000, 0x0000000800000000)
  region size 8192K, 6 young (49152K), 6 survivors (49152K)
 Metaspace       used 61650K, committed 62336K, reserved 1114112K
  class space    used 8754K, committed 9088K, reserved 1048576K
}
Event: 14.468 GC heap before
{Heap before GC invocations=13 (full 0):
 garbage-first heap   total 2097152K, used 1270073K [0x0000000500000000, 0x0000000800000000)
  region size 8192K, 140 young (1146880K), 6 survivors (49152K)
 Metaspace       used 92798K, committed 93952K, reserved 1179648K
  class space    used 12314K, committed 12864K, reserved 1048576K
}
Event: 14.628 GC heap after
{Heap after GC invocations=14 (full 0):
 garbage-first heap   total 2097152K, used 419562K [0x0000000500000000, 0x0000000800000000)
  region size 8192K, 18 young (147456K), 18 survivors (147456K)
 Metaspace       used 92798K, committed 93952K, reserved 1179648K
  class space    used 12314K, committed 12864K, reserved 1048576K
}
Event: 14.936 GC heap before
{Heap before GC invocations=14 (full 0):
 garbage-first heap   total 2097152K, used 558826K [0x0000000500000000, 0x0000000800000000)
  region size 8192K, 35 young (286720K), 18 survivors (147456K)
 Metaspace       used 96289K, committed 97408K, reserved 1179648K
  class space    used 14637K, committed 15168K, reserved 1048576K
}
Event: 15.014 GC heap after
{Heap after GC invocations=15 (full 0):
 garbage-first heap   total 2097152K, used 455228K [0x0000000500000000, 0x0000000800000000)
  region size 8192K, 5 young (40960K), 5 survivors (40960K)
 Metaspace       used 96289K, committed 97408K, reserved 1179648K
  class space    used 14637K, committed 15168K, reserved 1048576K
}
Event: 16.667 GC heap before
{Heap before GC invocations=15 (full 0):
 garbage-first heap   total 2097152K, used 832060K [0x0000000500000000, 0x0000000800000000)
  region size 8192K, 52 young (425984K), 5 survivors (40960K)
 Metaspace       used 99197K, committed 100288K, reserved 1179648K
  class space    used 14779K, committed 15296K, reserved 1048576K
}

